

Microchip MPLAB XC8 Assembler V2.35 build 20211206165544 
                                                                                               Tue May 17 11:45:58 2022

Microchip MPLAB XC8 C Compiler v2.35 (Free license) build 20211206165544 Og1 
     1                           	processor	16F887
     2                           	pagewidth 120
     3                           	opt	flic
     4                           	psect	cinit,global,class=CODE,merge=1,delta=2
     5                           	psect	bssCOMMON,global,class=COMMON,space=1,delta=1,noexec
     6                           	psect	cstackCOMMON,global,class=COMMON,space=1,delta=1,noexec
     7                           	psect	maintext,global,class=CODE,split=1,delta=2
     8                           	psect	text1,local,class=CODE,merge=1,delta=2
     9                           	psect	text2,local,class=CODE,merge=1,delta=2
    10                           	psect	text3,local,class=CODE,merge=1,delta=2
    11                           	psect	text4,local,class=CODE,merge=1,delta=2
    12                           	psect	intentry,global,class=CODE,delta=2
    13                           	psect	idloc,global,abs,ovrld,class=IDLOC,space=5,delta=2,noexec
    14                           	psect	config,global,abs,ovrld,class=CONFIG,space=4,delta=2,noexec
    15                           	dabs	1,0x7E,2
    16  0000                     
    17                           ; Version 2.40
    18                           ; Generated 17/11/2021 GMT
    19                           ; 
    20                           ; Copyright © 2021, Microchip Technology Inc. and its subsidiaries ("Microchip")
    21                           ; All rights reserved.
    22                           ; 
    23                           ; This software is developed by Microchip Technology Inc. and its subsidiaries ("Microch
      +                          ip").
    24                           ; 
    25                           ; Redistribution and use in source and binary forms, with or without modification, are
    26                           ; permitted provided that the following conditions are met:
    27                           ; 
    28                           ;     1. Redistributions of source code must retain the above copyright notice, this lis
      +                          t of
    29                           ;        conditions and the following disclaimer.
    30                           ; 
    31                           ;     2. Redistributions in binary form must reproduce the above copyright notice, this 
      +                          list
    32                           ;        of conditions and the following disclaimer in the documentation and/or other
    33                           ;        materials provided with the distribution. Publication is not required when
    34                           ;        this file is used in an embedded application.
    35                           ; 
    36                           ;     3. Microchip's name may not be used to endorse or promote products derived from th
      +                          is
    37                           ;        software without specific prior written permission.
    38                           ; 
    39                           ; THIS SOFTWARE IS PROVIDED BY MICROCHIP "AS IS" AND ANY EXPRESS OR IMPLIED WARRANTIES,
    40                           ; INCLUDING, BUT NOT LIMITED TO, THE IMPLIED WARRANTIES OF MERCHANTABILITY AND FITNESS F
      +                          OR
    41                           ; PURPOSE ARE DISCLAIMED.  IN NO EVENT SHALL MICROCHIP BE LIABLE FOR ANY DIRECT, INDIREC
      +                          T,
    42                           ; INCIDENTAL, SPECIAL, EXEMPLARY, OR CONSEQUENTIAL DAMAGES (INCLUDING BUT NOT LIMITED TO
    43                           ; PROCUREMENT OF SUBSTITUTE GOODS OR SERVICES; LOSS OF USE, DATA OR PROFITS; OR BUSINESS
    44                           ; INTERRUPTION) HOWSOEVER CAUSED AND ON ANY THEORY OF LIABILITY, WHETHER IN CONTRACT, ST
      +                          RICT
    45                           ; LIABILITY, OR TORT (INCLUDING NEGLIGENCE OR OTHERWISE) ARISING IN ANY WAY OUT OF THE U
      +                          SE OF
    46                           ; THIS SOFTWARE, EVEN IF ADVISED OF THE POSSIBILITY OF SUCH DAMAGE.
    47                           ; 
    48                           ; 
    49                           ; Code-generator required, PIC16F887 Definitions
    50                           ; 
    51                           ; SFR Addresses
    52  0000                     	;# 
    53  0001                     	;# 
    54  0002                     	;# 
    55  0003                     	;# 
    56  0004                     	;# 
    57  0005                     	;# 
    58  0006                     	;# 
    59  0007                     	;# 
    60  0008                     	;# 
    61  0009                     	;# 
    62  000A                     	;# 
    63  000B                     	;# 
    64  000C                     	;# 
    65  000D                     	;# 
    66  000E                     	;# 
    67  000E                     	;# 
    68  000F                     	;# 
    69  0010                     	;# 
    70  0011                     	;# 
    71  0012                     	;# 
    72  0013                     	;# 
    73  0014                     	;# 
    74  0015                     	;# 
    75  0015                     	;# 
    76  0016                     	;# 
    77  0017                     	;# 
    78  0018                     	;# 
    79  0019                     	;# 
    80  001A                     	;# 
    81  001B                     	;# 
    82  001B                     	;# 
    83  001C                     	;# 
    84  001D                     	;# 
    85  001E                     	;# 
    86  001F                     	;# 
    87  0081                     	;# 
    88  0085                     	;# 
    89  0086                     	;# 
    90  0087                     	;# 
    91  0088                     	;# 
    92  0089                     	;# 
    93  008C                     	;# 
    94  008D                     	;# 
    95  008E                     	;# 
    96  008F                     	;# 
    97  0090                     	;# 
    98  0091                     	;# 
    99  0092                     	;# 
   100  0093                     	;# 
   101  0093                     	;# 
   102  0093                     	;# 
   103  0094                     	;# 
   104  0095                     	;# 
   105  0096                     	;# 
   106  0097                     	;# 
   107  0098                     	;# 
   108  0099                     	;# 
   109  009A                     	;# 
   110  009B                     	;# 
   111  009C                     	;# 
   112  009D                     	;# 
   113  009E                     	;# 
   114  009F                     	;# 
   115  0105                     	;# 
   116  0107                     	;# 
   117  0108                     	;# 
   118  0109                     	;# 
   119  010C                     	;# 
   120  010C                     	;# 
   121  010D                     	;# 
   122  010E                     	;# 
   123  010F                     	;# 
   124  0185                     	;# 
   125  0187                     	;# 
   126  0188                     	;# 
   127  0189                     	;# 
   128  018C                     	;# 
   129  018D                     	;# 
   130  0000                     	;# 
   131  0001                     	;# 
   132  0002                     	;# 
   133  0003                     	;# 
   134  0004                     	;# 
   135  0005                     	;# 
   136  0006                     	;# 
   137  0007                     	;# 
   138  0008                     	;# 
   139  0009                     	;# 
   140  000A                     	;# 
   141  000B                     	;# 
   142  000C                     	;# 
   143  000D                     	;# 
   144  000E                     	;# 
   145  000E                     	;# 
   146  000F                     	;# 
   147  0010                     	;# 
   148  0011                     	;# 
   149  0012                     	;# 
   150  0013                     	;# 
   151  0014                     	;# 
   152  0015                     	;# 
   153  0015                     	;# 
   154  0016                     	;# 
   155  0017                     	;# 
   156  0018                     	;# 
   157  0019                     	;# 
   158  001A                     	;# 
   159  001B                     	;# 
   160  001B                     	;# 
   161  001C                     	;# 
   162  001D                     	;# 
   163  001E                     	;# 
   164  001F                     	;# 
   165  0081                     	;# 
   166  0085                     	;# 
   167  0086                     	;# 
   168  0087                     	;# 
   169  0088                     	;# 
   170  0089                     	;# 
   171  008C                     	;# 
   172  008D                     	;# 
   173  008E                     	;# 
   174  008F                     	;# 
   175  0090                     	;# 
   176  0091                     	;# 
   177  0092                     	;# 
   178  0093                     	;# 
   179  0093                     	;# 
   180  0093                     	;# 
   181  0094                     	;# 
   182  0095                     	;# 
   183  0096                     	;# 
   184  0097                     	;# 
   185  0098                     	;# 
   186  0099                     	;# 
   187  009A                     	;# 
   188  009B                     	;# 
   189  009C                     	;# 
   190  009D                     	;# 
   191  009E                     	;# 
   192  009F                     	;# 
   193  0105                     	;# 
   194  0107                     	;# 
   195  0108                     	;# 
   196  0109                     	;# 
   197  010C                     	;# 
   198  010C                     	;# 
   199  010D                     	;# 
   200  010E                     	;# 
   201  010F                     	;# 
   202  0185                     	;# 
   203  0187                     	;# 
   204  0188                     	;# 
   205  0189                     	;# 
   206  018C                     	;# 
   207  018D                     	;# 
   208  0005                     _PORTA	set	5
   209  0009                     _PORTE	set	9
   210  0008                     _PORTD	set	8
   211  0006                     _PORTBbits	set	6
   212  000B                     _INTCONbits	set	11
   213  0007                     _PORTC	set	7
   214  001E                     _ADRESH	set	30
   215  001F                     _ADCON0bits	set	31
   216  000C                     _PIR1bits	set	12
   217  009F                     _ADCON1bits	set	159
   218  008F                     _OSCCONbits	set	143
   219  0096                     _IOCB	set	150
   220  0095                     _WPUB	set	149
   221  0081                     _OPTION_REGbits	set	129
   222  0086                     _TRISB	set	134
   223  0089                     _TRISE	set	137
   224  0088                     _TRISD	set	136
   225  0087                     _TRISC	set	135
   226  0085                     _TRISA	set	133
   227  008C                     _PIE1bits	set	140
   228  010C                     _EEDAT	set	268
   229  010D                     _EEADR	set	269
   230  018D                     _EECON2	set	397
   231  018C                     _EECON1bits	set	396
   232  0189                     _ANSELH	set	393
   233  0188                     _ANSEL	set	392
   234                           
   235                           	psect	cinit
   236  000F                     start_initialization:	
   237                           ; #config settings
   238                           
   239  000F                     __initialization:
   240                           
   241                           ; Clear objects allocated to COMMON
   242  000F  01F8               	clrf	__pbssCOMMON& (0+127)
   243  0010  01F9               	clrf	(__pbssCOMMON+1)& (0+127)
   244  0011  01FA               	clrf	(__pbssCOMMON+2)& (0+127)
   245  0012                     end_of_initialization:	
   246                           ;End of C runtime variable initialization code
   247                           
   248  0012                     __end_of__initialization:
   249  0012  0183               	clrf	3
   250  0013  120A  118A  2816   	ljmp	_main	;jump to C main() function
   251                           
   252                           	psect	bssCOMMON
   253  0078                     __pbssCOMMON:
   254  0078                     _val_POT:
   255  0078                     	ds	1
   256  0079                     _bandera_sleep:
   257  0079                     	ds	1
   258  007A                     _bandera_write:
   259  007A                     	ds	1
   260                           
   261                           	psect	cstackCOMMON
   262  0070                     __pcstackCOMMON:
   263  0070                     ?_setup:
   264  0070                     ?_read_EEPROM:	
   265                           ; 1 bytes @ 0x0
   266                           
   267  0070                     ?_isr:	
   268                           ; 1 bytes @ 0x0
   269                           
   270  0070                     ??_isr:	
   271                           ; 1 bytes @ 0x0
   272                           
   273  0070                     ?_main:	
   274                           ; 1 bytes @ 0x0
   275                           
   276                           
   277                           ; 1 bytes @ 0x0
   278  0070                     	ds	3
   279  0073                     ??_setup:
   280  0073                     ?_write_EEPROM:	
   281                           ; 1 bytes @ 0x3
   282                           
   283  0073                     ??_read_EEPROM:	
   284                           ; 1 bytes @ 0x3
   285                           
   286  0073                     read_EEPROM@address:	
   287                           ; 1 bytes @ 0x3
   288                           
   289  0073                     write_EEPROM@data:	
   290                           ; 1 bytes @ 0x3
   291                           
   292                           
   293                           ; 1 bytes @ 0x3
   294  0073                     	ds	1
   295  0074                     ??_write_EEPROM:
   296  0074                     write_EEPROM@address:	
   297                           ; 1 bytes @ 0x4
   298                           
   299                           
   300                           ; 1 bytes @ 0x4
   301  0074                     	ds	1
   302  0075                     ??_main:
   303                           
   304                           ; 1 bytes @ 0x5
   305  0075                     	ds	3
   306                           
   307                           	psect	maintext
   308  0016                     __pmaintext:	
   309 ;;
   310 ;;Main: autosize = 0, tempsize = 3, incstack = 0, save=0
   311 ;;
   312 ;; *************** function _main *****************
   313 ;; Defined at:
   314 ;;		line 84 in file "main_lab12.c"
   315 ;; Parameters:    Size  Location     Type
   316 ;;		None
   317 ;; Auto vars:     Size  Location     Type
   318 ;;		None
   319 ;; Return value:  Size  Location     Type
   320 ;;                  1    wreg      void 
   321 ;; Registers used:
   322 ;;		wreg, status,2, status,0, pclath, cstack
   323 ;; Tracked objects:
   324 ;;		On entry : B00/0
   325 ;;		On exit  : 0/0
   326 ;;		Unchanged: 0/0
   327 ;; Data sizes:     COMMON   BANK0   BANK1   BANK3   BANK2
   328 ;;      Params:         0       0       0       0       0
   329 ;;      Locals:         0       0       0       0       0
   330 ;;      Temps:          3       0       0       0       0
   331 ;;      Totals:         3       0       0       0       0
   332 ;;Total ram usage:        3 bytes
   333 ;; Hardware stack levels required when called: 2
   334 ;; This function calls:
   335 ;;		_read_EEPROM
   336 ;;		_setup
   337 ;;		_write_EEPROM
   338 ;; This function is called by:
   339 ;;		Startup code after reset
   340 ;; This function uses a non-reentrant model
   341 ;;
   342                           
   343  0016                     _main:	
   344                           ;psect for function _main
   345                           
   346  0016                     l838:	
   347                           ;incstack = 0
   348                           ; Regs used in _main: [wreg+status,2+status,0+pclath+cstack]
   349                           
   350                           
   351                           ;main_lab12.c: 85:     setup();
   352  0016  120A  118A  2079  120A  118A  	fcall	_setup
   353  001B                     l840:
   354                           
   355                           ;main_lab12.c: 87:         if(ADCON0bits.GO == 0){
   356  001B  1283               	bcf	3,5	;RP0=0, select bank0
   357  001C  1303               	bcf	3,6	;RP1=0, select bank0
   358  001D  189F               	btfsc	31,1	;volatile
   359  001E  2820               	goto	u131
   360  001F  2821               	goto	u130
   361  0020                     u131:
   362  0020  2822               	goto	l844
   363  0021                     u130:
   364  0021                     l842:
   365                           
   366                           ;main_lab12.c: 88:             ADCON0bits.GO = 1;
   367  0021  149F               	bsf	31,1	;volatile
   368  0022                     l844:
   369                           
   370                           ;main_lab12.c: 90:         if(bandera_sleep == 1){
   371  0022  0379               	decf	_bandera_sleep,w
   372  0023  1D03               	btfss	3,2
   373  0024  2826               	goto	u141
   374  0025  2827               	goto	u140
   375  0026                     u141:
   376  0026  282C               	goto	l848
   377  0027                     u140:
   378  0027                     l846:
   379                           
   380                           ;main_lab12.c: 91:             PIE1bits.ADIE = 0;
   381  0027  1683               	bsf	3,5	;RP0=1, select bank1
   382  0028  1303               	bcf	3,6	;RP1=0, select bank1
   383  0029  130C               	bcf	12,6	;volatile
   384  002A  0063               	sleep	;# 
   385                           
   386                           ;main_lab12.c: 93:         }
   387  002B  2834               	goto	l852
   388  002C                     l848:
   389  002C  0879               	movf	_bandera_sleep,w
   390  002D  1D03               	btfss	3,2
   391  002E  2830               	goto	u151
   392  002F  2831               	goto	u150
   393  0030                     u151:
   394  0030  2834               	goto	l852
   395  0031                     u150:
   396  0031                     l850:
   397                           
   398                           ;main_lab12.c: 95:             PIE1bits.ADIE = 1;
   399  0031  1683               	bsf	3,5	;RP0=1, select bank1
   400  0032  1303               	bcf	3,6	;RP1=0, select bank1
   401  0033  170C               	bsf	12,6	;volatile
   402  0034                     l852:
   403                           
   404                           ;main_lab12.c: 97:         if(bandera_write == 1){
   405  0034  037A               	decf	_bandera_write,w
   406  0035  1D03               	btfss	3,2
   407  0036  2838               	goto	u161
   408  0037  2839               	goto	u160
   409  0038                     u161:
   410  0038  284D               	goto	l860
   411  0039                     u160:
   412  0039                     l854:
   413                           
   414                           ;main_lab12.c: 98:             write_EEPROM(0,val_POT);
   415  0039  0878               	movf	_val_POT,w
   416  003A  00F5               	movwf	??_main
   417  003B  0875               	movf	??_main,w
   418  003C  00F3               	movwf	write_EEPROM@data
   419  003D  3000               	movlw	0
   420  003E  120A  118A  2107  120A  118A  	fcall	_write_EEPROM
   421  0043                     l856:
   422                           
   423                           ;main_lab12.c: 99:             _delay((unsigned long)((10)*(4000000/4000.0)));
   424  0043  300D               	movlw	13
   425  0044  00F6               	movwf	??_main+1
   426  0045  30FB               	movlw	251
   427  0046  00F5               	movwf	??_main
   428  0047                     u177:
   429  0047  0BF5               	decfsz	??_main,f
   430  0048  2847               	goto	u177
   431  0049  0BF6               	decfsz	??_main+1,f
   432  004A  2847               	goto	u177
   433  004B  284C               	nop2
   434  004C                     l858:
   435                           
   436                           ;main_lab12.c: 100:             bandera_write = 0;
   437  004C  01FA               	clrf	_bandera_write
   438  004D                     l860:
   439                           
   440                           ;main_lab12.c: 102:         PORTD = read_EEPROM(0);
   441  004D  3000               	movlw	0
   442  004E  120A  118A  211C  120A  118A  	fcall	_read_EEPROM
   443  0053  1283               	bcf	3,5	;RP0=0, select bank0
   444  0054  1303               	bcf	3,6	;RP1=0, select bank0
   445  0055  0088               	movwf	8	;volatile
   446  0056                     l862:
   447                           
   448                           ;main_lab12.c: 103:         PORTE = 0b0001;
   449  0056  3001               	movlw	1
   450  0057  0089               	movwf	9	;volatile
   451  0058                     l864:
   452                           
   453                           ;main_lab12.c: 104:         _delay((unsigned long)((250)*(4000000/4000.0)));
   454  0058  3002               	movlw	2
   455  0059  00F7               	movwf	??_main+2
   456  005A  3045               	movlw	69
   457  005B  00F6               	movwf	??_main+1
   458  005C  30A9               	movlw	169
   459  005D  00F5               	movwf	??_main
   460  005E                     u187:
   461  005E  0BF5               	decfsz	??_main,f
   462  005F  285E               	goto	u187
   463  0060  0BF6               	decfsz	??_main+1,f
   464  0061  285E               	goto	u187
   465  0062  0BF7               	decfsz	??_main+2,f
   466  0063  285E               	goto	u187
   467  0064  2865               	nop2
   468  0065                     l866:
   469                           
   470                           ;main_lab12.c: 105:         PORTE = 0b0000;
   471  0065  1283               	bcf	3,5	;RP0=0, select bank0
   472  0066  1303               	bcf	3,6	;RP1=0, select bank0
   473  0067  0189               	clrf	9	;volatile
   474  0068                     l868:
   475                           
   476                           ;main_lab12.c: 106:         _delay((unsigned long)((250)*(4000000/4000.0)));
   477  0068  3002               	movlw	2
   478  0069  00F7               	movwf	??_main+2
   479  006A  3045               	movlw	69
   480  006B  00F6               	movwf	??_main+1
   481  006C  30A9               	movlw	169
   482  006D  00F5               	movwf	??_main
   483  006E                     u197:
   484  006E  0BF5               	decfsz	??_main,f
   485  006F  286E               	goto	u197
   486  0070  0BF6               	decfsz	??_main+1,f
   487  0071  286E               	goto	u197
   488  0072  0BF7               	decfsz	??_main+2,f
   489  0073  286E               	goto	u197
   490  0074  2875               	nop2
   491  0075  281B               	goto	l840
   492  0076  120A  118A  280C   	ljmp	start
   493  0079                     __end_of_main:
   494                           
   495                           	psect	text1
   496  0107                     __ptext1:	
   497 ;; *************** function _write_EEPROM *****************
   498 ;; Defined at:
   499 ;;		line 164 in file "main_lab12.c"
   500 ;; Parameters:    Size  Location     Type
   501 ;;  address         1    wreg     unsigned char 
   502 ;;  data            1    3[COMMON] unsigned char 
   503 ;; Auto vars:     Size  Location     Type
   504 ;;  address         1    4[COMMON] unsigned char 
   505 ;; Return value:  Size  Location     Type
   506 ;;                  1    wreg      void 
   507 ;; Registers used:
   508 ;;		wreg
   509 ;; Tracked objects:
   510 ;;		On entry : 0/0
   511 ;;		On exit  : 0/0
   512 ;;		Unchanged: 0/0
   513 ;; Data sizes:     COMMON   BANK0   BANK1   BANK3   BANK2
   514 ;;      Params:         1       0       0       0       0
   515 ;;      Locals:         1       0       0       0       0
   516 ;;      Temps:          0       0       0       0       0
   517 ;;      Totals:         2       0       0       0       0
   518 ;;Total ram usage:        2 bytes
   519 ;; Hardware stack levels used: 1
   520 ;; Hardware stack levels required when called: 1
   521 ;; This function calls:
   522 ;;		Nothing
   523 ;; This function is called by:
   524 ;;		_main
   525 ;; This function uses a non-reentrant model
   526 ;;
   527                           
   528  0107                     _write_EEPROM:	
   529                           ;psect for function _write_EEPROM
   530                           
   531                           
   532                           ;incstack = 0
   533                           ; Regs used in _write_EEPROM: [wreg]
   534                           ;write_EEPROM@address stored from wreg
   535  0107  00F4               	movwf	write_EEPROM@address
   536  0108                     l822:
   537                           
   538                           ;main_lab12.c: 165:     EEADR = address;
   539  0108  0874               	movf	write_EEPROM@address,w
   540  0109  1283               	bcf	3,5	;RP0=0, select bank2
   541  010A  1703               	bsf	3,6	;RP1=1, select bank2
   542  010B  008D               	movwf	13	;volatile
   543                           
   544                           ;main_lab12.c: 166:     EEDAT = data;
   545  010C  0873               	movf	write_EEPROM@data,w
   546  010D  008C               	movwf	12	;volatile
   547  010E                     l824:
   548                           
   549                           ;main_lab12.c: 167:     EECON1bits.EEPGD = 0;
   550  010E  1683               	bsf	3,5	;RP0=1, select bank3
   551  010F  1703               	bsf	3,6	;RP1=1, select bank3
   552  0110  138C               	bcf	12,7	;volsfr
   553  0111                     l826:
   554                           
   555                           ;main_lab12.c: 168:     EECON1bits.WREN = 1;
   556  0111  150C               	bsf	12,2	;volsfr
   557  0112                     l828:
   558                           
   559                           ;main_lab12.c: 170:     INTCONbits.GIE = 0;
   560  0112  138B               	bcf	11,7	;volatile
   561                           
   562                           ;main_lab12.c: 171:     EECON2 = 0x55;
   563  0113  3055               	movlw	85
   564  0114  008D               	movwf	13	;volsfr
   565                           
   566                           ;main_lab12.c: 172:     EECON2 = 0xAA;
   567  0115  30AA               	movlw	170
   568  0116  008D               	movwf	13	;volsfr
   569  0117                     l830:
   570                           
   571                           ;main_lab12.c: 174:     EECON1bits.WR = 1;
   572  0117  148C               	bsf	12,1	;volsfr
   573  0118                     l832:
   574                           
   575                           ;main_lab12.c: 176:     EECON1bits.WREN = 0;
   576  0118  110C               	bcf	12,2	;volsfr
   577  0119                     l834:
   578                           
   579                           ;main_lab12.c: 177:     INTCONbits.RBIF = 0;
   580  0119  100B               	bcf	11,0	;volatile
   581  011A                     l836:
   582                           
   583                           ;main_lab12.c: 178:     INTCONbits.GIE = 1;
   584  011A  178B               	bsf	11,7	;volatile
   585  011B                     l102:
   586  011B  0008               	return
   587  011C                     __end_of_write_EEPROM:
   588                           
   589                           	psect	text2
   590  0079                     __ptext2:	
   591 ;; *************** function _setup *****************
   592 ;; Defined at:
   593 ;;		line 114 in file "main_lab12.c"
   594 ;; Parameters:    Size  Location     Type
   595 ;;		None
   596 ;; Auto vars:     Size  Location     Type
   597 ;;		None
   598 ;; Return value:  Size  Location     Type
   599 ;;                  1    wreg      void 
   600 ;; Registers used:
   601 ;;		wreg, status,2, status,0
   602 ;; Tracked objects:
   603 ;;		On entry : 0/0
   604 ;;		On exit  : 0/0
   605 ;;		Unchanged: 0/0
   606 ;; Data sizes:     COMMON   BANK0   BANK1   BANK3   BANK2
   607 ;;      Params:         0       0       0       0       0
   608 ;;      Locals:         0       0       0       0       0
   609 ;;      Temps:          1       0       0       0       0
   610 ;;      Totals:         1       0       0       0       0
   611 ;;Total ram usage:        1 bytes
   612 ;; Hardware stack levels used: 1
   613 ;; Hardware stack levels required when called: 1
   614 ;; This function calls:
   615 ;;		Nothing
   616 ;; This function is called by:
   617 ;;		_main
   618 ;; This function uses a non-reentrant model
   619 ;;
   620                           
   621  0079                     _setup:	
   622                           ;psect for function _setup
   623                           
   624  0079                     l694:	
   625                           ;incstack = 0
   626                           ; Regs used in _setup: [wreg+status,2+status,0]
   627                           
   628                           
   629                           ;main_lab12.c: 115:     ANSEL = 0b00000001;
   630  0079  3001               	movlw	1
   631  007A  1683               	bsf	3,5	;RP0=1, select bank3
   632  007B  1703               	bsf	3,6	;RP1=1, select bank3
   633  007C  0088               	movwf	8	;volatile
   634  007D                     l696:
   635                           
   636                           ;main_lab12.c: 116:     ANSELH = 0;
   637  007D  0189               	clrf	9	;volatile
   638  007E                     l698:
   639                           
   640                           ;main_lab12.c: 119:     TRISA = 0b00000001;
   641  007E  3001               	movlw	1
   642  007F  1683               	bsf	3,5	;RP0=1, select bank1
   643  0080  1303               	bcf	3,6	;RP1=0, select bank1
   644  0081  0085               	movwf	5	;volatile
   645                           
   646                           ;main_lab12.c: 120:     PORTA = 0;
   647  0082  1283               	bcf	3,5	;RP0=0, select bank0
   648  0083  1303               	bcf	3,6	;RP1=0, select bank0
   649  0084  0185               	clrf	5	;volatile
   650                           
   651                           ;main_lab12.c: 122:     TRISC = 0;
   652  0085  1683               	bsf	3,5	;RP0=1, select bank1
   653  0086  1303               	bcf	3,6	;RP1=0, select bank1
   654  0087  0187               	clrf	7	;volatile
   655                           
   656                           ;main_lab12.c: 123:     PORTC = 0;
   657  0088  1283               	bcf	3,5	;RP0=0, select bank0
   658  0089  1303               	bcf	3,6	;RP1=0, select bank0
   659  008A  0187               	clrf	7	;volatile
   660                           
   661                           ;main_lab12.c: 124:     TRISD = 0;
   662  008B  1683               	bsf	3,5	;RP0=1, select bank1
   663  008C  1303               	bcf	3,6	;RP1=0, select bank1
   664  008D  0188               	clrf	8	;volatile
   665                           
   666                           ;main_lab12.c: 125:     PORTD = 0;
   667  008E  1283               	bcf	3,5	;RP0=0, select bank0
   668  008F  1303               	bcf	3,6	;RP1=0, select bank0
   669  0090  0188               	clrf	8	;volatile
   670                           
   671                           ;main_lab12.c: 126:     TRISE = 0;
   672  0091  1683               	bsf	3,5	;RP0=1, select bank1
   673  0092  1303               	bcf	3,6	;RP1=0, select bank1
   674  0093  0189               	clrf	9	;volatile
   675                           
   676                           ;main_lab12.c: 127:     PORTE = 0;
   677  0094  1283               	bcf	3,5	;RP0=0, select bank0
   678  0095  1303               	bcf	3,6	;RP1=0, select bank0
   679  0096  0189               	clrf	9	;volatile
   680  0097                     l700:
   681                           
   682                           ;main_lab12.c: 129:     TRISB = 0xFF;
   683  0097  30FF               	movlw	255
   684  0098  1683               	bsf	3,5	;RP0=1, select bank1
   685  0099  1303               	bcf	3,6	;RP1=0, select bank1
   686  009A  0086               	movwf	6	;volatile
   687  009B                     l702:
   688                           
   689                           ;main_lab12.c: 130:     OPTION_REGbits.nRBPU = 0;
   690  009B  1381               	bcf	1,7	;volatile
   691  009C                     l704:
   692                           
   693                           ;main_lab12.c: 131:     WPUB = 0b00000111;
   694  009C  3007               	movlw	7
   695  009D  0095               	movwf	21	;volatile
   696  009E                     l706:
   697                           
   698                           ;main_lab12.c: 132:     IOCB = 0b00000111;
   699  009E  3007               	movlw	7
   700  009F  0096               	movwf	22	;volatile
   701  00A0                     l708:
   702                           
   703                           ;main_lab12.c: 135:     OSCCONbits.IRCF = 0b0110;
   704  00A0  080F               	movf	15,w	;volatile
   705  00A1  398F               	andlw	-113
   706  00A2  3860               	iorlw	96
   707  00A3  008F               	movwf	15	;volatile
   708  00A4                     l710:
   709                           
   710                           ;main_lab12.c: 136:     OSCCONbits.SCS = 1;
   711  00A4  140F               	bsf	15,0	;volatile
   712  00A5                     l712:
   713                           
   714                           ;main_lab12.c: 139:     ADCON0bits.ADCS = 0b01;
   715  00A5  1283               	bcf	3,5	;RP0=0, select bank0
   716  00A6  1303               	bcf	3,6	;RP1=0, select bank0
   717  00A7  081F               	movf	31,w	;volatile
   718  00A8  393F               	andlw	-193
   719  00A9  3840               	iorlw	64
   720  00AA  009F               	movwf	31	;volatile
   721  00AB                     l714:
   722                           
   723                           ;main_lab12.c: 140:     ADCON1bits.VCFG0 = 0;
   724  00AB  1683               	bsf	3,5	;RP0=1, select bank1
   725  00AC  1303               	bcf	3,6	;RP1=0, select bank1
   726  00AD  121F               	bcf	31,4	;volatile
   727  00AE                     l716:
   728                           
   729                           ;main_lab12.c: 141:     ADCON1bits.VCFG1 = 0;
   730  00AE  129F               	bcf	31,5	;volatile
   731  00AF                     l718:
   732                           
   733                           ;main_lab12.c: 142:     ADCON0bits.CHS = 0b0000;
   734  00AF  30C3               	movlw	-61
   735  00B0  1283               	bcf	3,5	;RP0=0, select bank0
   736  00B1  1303               	bcf	3,6	;RP1=0, select bank0
   737  00B2  059F               	andwf	31,f	;volatile
   738  00B3                     l720:
   739                           
   740                           ;main_lab12.c: 143:     ADCON1bits.ADFM = 0;
   741  00B3  1683               	bsf	3,5	;RP0=1, select bank1
   742  00B4  1303               	bcf	3,6	;RP1=0, select bank1
   743  00B5  139F               	bcf	31,7	;volatile
   744  00B6                     l722:
   745                           
   746                           ;main_lab12.c: 144:     ADCON0bits.ADON = 1;
   747  00B6  1283               	bcf	3,5	;RP0=0, select bank0
   748  00B7  1303               	bcf	3,6	;RP1=0, select bank0
   749  00B8  141F               	bsf	31,0	;volatile
   750  00B9                     l724:
   751                           
   752                           ;main_lab12.c: 145:     _delay((unsigned long)((40)*(4000000/4000000.0)));
   753  00B9  300D               	movlw	13
   754  00BA  00F3               	movwf	??_setup
   755  00BB                     u207:
   756  00BB  0BF3               	decfsz	??_setup,f
   757  00BC  28BB               	goto	u207
   758  00BD                     l726:
   759                           
   760                           ;main_lab12.c: 148:     PIR1bits.ADIF = 0;
   761  00BD  1283               	bcf	3,5	;RP0=0, select bank0
   762  00BE  1303               	bcf	3,6	;RP1=0, select bank0
   763  00BF  130C               	bcf	12,6	;volatile
   764  00C0                     l728:
   765                           
   766                           ;main_lab12.c: 149:     PIE1bits.ADIE = 1;
   767  00C0  1683               	bsf	3,5	;RP0=1, select bank1
   768  00C1  1303               	bcf	3,6	;RP1=0, select bank1
   769  00C2  170C               	bsf	12,6	;volatile
   770  00C3                     l730:
   771                           
   772                           ;main_lab12.c: 150:     INTCONbits.RBIF = 0;
   773  00C3  100B               	bcf	11,0	;volatile
   774  00C4                     l732:
   775                           
   776                           ;main_lab12.c: 151:     INTCONbits.RBIE = 1;
   777  00C4  158B               	bsf	11,3	;volatile
   778  00C5                     l734:
   779                           
   780                           ;main_lab12.c: 152:     INTCONbits.PEIE = 1;
   781  00C5  170B               	bsf	11,6	;volatile
   782  00C6                     l736:
   783                           
   784                           ;main_lab12.c: 153:     INTCONbits.GIE = 1;
   785  00C6  178B               	bsf	11,7	;volatile
   786  00C7                     l96:
   787  00C7  0008               	return
   788  00C8                     __end_of_setup:
   789                           
   790                           	psect	text3
   791  011C                     __ptext3:	
   792 ;; *************** function _read_EEPROM *****************
   793 ;; Defined at:
   794 ;;		line 157 in file "main_lab12.c"
   795 ;; Parameters:    Size  Location     Type
   796 ;;  address         1    wreg     unsigned char 
   797 ;; Auto vars:     Size  Location     Type
   798 ;;  address         1    3[COMMON] unsigned char 
   799 ;; Return value:  Size  Location     Type
   800 ;;                  1    wreg      unsigned char 
   801 ;; Registers used:
   802 ;;		wreg
   803 ;; Tracked objects:
   804 ;;		On entry : 0/0
   805 ;;		On exit  : 0/0
   806 ;;		Unchanged: 0/0
   807 ;; Data sizes:     COMMON   BANK0   BANK1   BANK3   BANK2
   808 ;;      Params:         0       0       0       0       0
   809 ;;      Locals:         1       0       0       0       0
   810 ;;      Temps:          0       0       0       0       0
   811 ;;      Totals:         1       0       0       0       0
   812 ;;Total ram usage:        1 bytes
   813 ;; Hardware stack levels used: 1
   814 ;; Hardware stack levels required when called: 1
   815 ;; This function calls:
   816 ;;		Nothing
   817 ;; This function is called by:
   818 ;;		_main
   819 ;; This function uses a non-reentrant model
   820 ;;
   821                           
   822  011C                     _read_EEPROM:	
   823                           ;psect for function _read_EEPROM
   824                           
   825                           
   826                           ;incstack = 0
   827                           ; Regs used in _read_EEPROM: [wreg]
   828                           ;read_EEPROM@address stored from wreg
   829  011C  00F3               	movwf	read_EEPROM@address
   830  011D                     l754:
   831                           
   832                           ;main_lab12.c: 158:     EEADR = address;
   833  011D  0873               	movf	read_EEPROM@address,w
   834  011E  1283               	bcf	3,5	;RP0=0, select bank2
   835  011F  1703               	bsf	3,6	;RP1=1, select bank2
   836  0120  008D               	movwf	13	;volatile
   837  0121                     l756:
   838                           
   839                           ;main_lab12.c: 159:     EECON1bits.EEPGD = 0;
   840  0121  1683               	bsf	3,5	;RP0=1, select bank3
   841  0122  1703               	bsf	3,6	;RP1=1, select bank3
   842  0123  138C               	bcf	12,7	;volsfr
   843  0124                     l758:
   844                           
   845                           ;main_lab12.c: 160:     EECON1bits.RD = 1;
   846  0124  140C               	bsf	12,0	;volsfr
   847                           
   848                           ;main_lab12.c: 161:     return EEDAT;
   849  0125  1283               	bcf	3,5	;RP0=0, select bank2
   850  0126  1703               	bsf	3,6	;RP1=1, select bank2
   851  0127  080C               	movf	12,w	;volatile
   852  0128                     l99:
   853  0128  0008               	return
   854  0129                     __end_of_read_EEPROM:
   855                           
   856                           	psect	text4
   857  00C8                     __ptext4:	
   858 ;; *************** function _isr *****************
   859 ;; Defined at:
   860 ;;		line 52 in file "main_lab12.c"
   861 ;; Parameters:    Size  Location     Type
   862 ;;		None
   863 ;; Auto vars:     Size  Location     Type
   864 ;;		None
   865 ;; Return value:  Size  Location     Type
   866 ;;                  1    wreg      void 
   867 ;; Registers used:
   868 ;;		wreg, status,2, status,0
   869 ;; Tracked objects:
   870 ;;		On entry : 0/0
   871 ;;		On exit  : 0/0
   872 ;;		Unchanged: 0/0
   873 ;; Data sizes:     COMMON   BANK0   BANK1   BANK3   BANK2
   874 ;;      Params:         0       0       0       0       0
   875 ;;      Locals:         0       0       0       0       0
   876 ;;      Temps:          3       0       0       0       0
   877 ;;      Totals:         3       0       0       0       0
   878 ;;Total ram usage:        3 bytes
   879 ;; Hardware stack levels used: 1
   880 ;; This function calls:
   881 ;;		Nothing
   882 ;; This function is called by:
   883 ;;		Interrupt level 1
   884 ;; This function uses a non-reentrant model
   885 ;;
   886                           
   887  00C8                     _isr:	
   888                           ;psect for function _isr
   889                           
   890  00C8                     i1l762:
   891                           
   892                           ;main_lab12.c: 53:     if(PIR1bits.ADIF){
   893  00C8  1283               	bcf	3,5	;RP0=0, select bank0
   894  00C9  1303               	bcf	3,6	;RP1=0, select bank0
   895  00CA  1F0C               	btfss	12,6	;volatile
   896  00CB  28CD               	goto	u1_21
   897  00CC  28CE               	goto	u1_20
   898  00CD                     u1_21:
   899  00CD  28DF               	goto	i1l71
   900  00CE                     u1_20:
   901  00CE                     i1l764:
   902                           
   903                           ;main_lab12.c: 54:         if(ADCON0bits.CHS == 0){
   904  00CE  0C1F               	rrf	31,w	;volatile
   905  00CF  00F0               	movwf	??_isr
   906  00D0  0C70               	rrf	??_isr,w
   907  00D1  390F               	andlw	15
   908  00D2  3A00               	xorlw	0
   909  00D3  1D03               	skipz
   910  00D4  28D6               	goto	u2_21
   911  00D5  28D7               	goto	u2_20
   912  00D6                     u2_21:
   913  00D6  28DD               	goto	i1l768
   914  00D7                     u2_20:
   915  00D7                     i1l766:
   916                           
   917                           ;main_lab12.c: 55:             val_POT = ADRESH;
   918  00D7  081E               	movf	30,w	;volatile
   919  00D8  00F0               	movwf	??_isr
   920  00D9  0870               	movf	??_isr,w
   921  00DA  00F8               	movwf	_val_POT
   922                           
   923                           ;main_lab12.c: 56:             PORTC = val_POT;
   924  00DB  0878               	movf	_val_POT,w
   925  00DC  0087               	movwf	7	;volatile
   926  00DD                     i1l768:
   927                           
   928                           ;main_lab12.c: 58:         PIR1bits.ADIF = 0;
   929  00DD  130C               	bcf	12,6	;volatile
   930                           
   931                           ;main_lab12.c: 59:     }
   932  00DE  2900               	goto	i1l80
   933  00DF                     i1l71:	
   934                           ;main_lab12.c: 60:     else if (INTCONbits.RBIF){
   935                           
   936  00DF  1C0B               	btfss	11,0	;volatile
   937  00E0  28E2               	goto	u3_21
   938  00E1  28E3               	goto	u3_20
   939  00E2                     u3_21:
   940  00E2  2900               	goto	i1l80
   941  00E3                     u3_20:
   942  00E3                     i1l770:
   943                           
   944                           ;main_lab12.c: 61:         if (PORTBbits.RB0 == 0){
   945  00E3  1806               	btfsc	6,0	;volatile
   946  00E4  28E6               	goto	u4_21
   947  00E5  28E7               	goto	u4_20
   948  00E6                     u4_21:
   949  00E6  28EE               	goto	i1l75
   950  00E7                     u4_20:
   951  00E7                     i1l772:
   952                           
   953                           ;main_lab12.c: 62:             if (bandera_sleep == 0){
   954  00E7  0879               	movf	_bandera_sleep,w
   955  00E8  1D03               	btfss	3,2
   956  00E9  28EB               	goto	u5_21
   957  00EA  28EC               	goto	u5_20
   958  00EB                     u5_21:
   959  00EB  28EE               	goto	i1l75
   960  00EC                     u5_20:
   961  00EC                     i1l774:
   962                           
   963                           ;main_lab12.c: 63:                 bandera_sleep = 1;
   964  00EC  01F9               	clrf	_bandera_sleep
   965  00ED  0AF9               	incf	_bandera_sleep,f
   966  00EE                     i1l75:	
   967                           ;main_lab12.c: 65:         }
   968                           
   969                           
   970                           ;main_lab12.c: 66:         if (PORTBbits.RB1 == 0){
   971  00EE  1886               	btfsc	6,1	;volatile
   972  00EF  28F1               	goto	u6_21
   973  00F0  28F2               	goto	u6_20
   974  00F1                     u6_21:
   975  00F1  28F8               	goto	i1l780
   976  00F2                     u6_20:
   977  00F2                     i1l776:
   978                           
   979                           ;main_lab12.c: 67:             if (bandera_sleep == 1){
   980  00F2  0379               	decf	_bandera_sleep,w
   981  00F3  1D03               	btfss	3,2
   982  00F4  28F6               	goto	u7_21
   983  00F5  28F7               	goto	u7_20
   984  00F6                     u7_21:
   985  00F6  28F8               	goto	i1l780
   986  00F7                     u7_20:
   987  00F7                     i1l778:
   988                           
   989                           ;main_lab12.c: 68:                 bandera_sleep = 0;
   990  00F7  01F9               	clrf	_bandera_sleep
   991  00F8                     i1l780:
   992                           
   993                           ;main_lab12.c: 71:         if (PORTBbits.RB2 == 0){
   994  00F8  1906               	btfsc	6,2	;volatile
   995  00F9  28FB               	goto	u8_21
   996  00FA  28FC               	goto	u8_20
   997  00FB                     u8_21:
   998  00FB  28FF               	goto	i1l786
   999  00FC                     u8_20:
  1000  00FC                     i1l782:
  1001                           
  1002                           ;main_lab12.c: 72:             bandera_sleep = 0;
  1003  00FC  01F9               	clrf	_bandera_sleep
  1004  00FD                     i1l784:
  1005                           
  1006                           ;main_lab12.c: 73:             bandera_write = 1;
  1007  00FD  01FA               	clrf	_bandera_write
  1008  00FE  0AFA               	incf	_bandera_write,f
  1009  00FF                     i1l786:
  1010                           
  1011                           ;main_lab12.c: 75:         INTCONbits.RBIF = 0;
  1012  00FF  100B               	bcf	11,0	;volatile
  1013  0100                     i1l80:
  1014  0100  0872               	movf	??_isr+2,w
  1015  0101  008A               	movwf	10
  1016  0102  0E71               	swapf	??_isr+1,w
  1017  0103  0083               	movwf	3
  1018  0104  0EFE               	swapf	btemp,f
  1019  0105  0E7E               	swapf	btemp,w
  1020  0106  0009               	retfie
  1021  0107                     __end_of_isr:
  1022  007E                     btemp	set	126	;btemp
  1023  007E                     wtemp0	set	126
  1024                           
  1025                           	psect	intentry
  1026  0004                     __pintentry:	
  1027                           ;incstack = 0
  1028                           ; Regs used in _isr: [wreg+status,2+status,0]
  1029                           
  1030  0004                     interrupt_function:
  1031  007E                     saved_w	set	btemp
  1032  0004  00FE               	movwf	btemp
  1033  0005  0E03               	swapf	3,w
  1034  0006  00F1               	movwf	??_isr+1
  1035  0007  080A               	movf	10,w
  1036  0008  00F2               	movwf	??_isr+2
  1037  0009  120A  118A  28C8   	ljmp	_isr
  1038                           
  1039                           	psect	idloc
  1040                           
  1041                           ;Config register IDLOC0 @ 0x2000
  1042                           ;	unspecified, using default values
  1043  2000                     	org	8192
  1044  2000  3FFF               	dw	16383
  1045                           
  1046                           ;Config register IDLOC1 @ 0x2001
  1047                           ;	unspecified, using default values
  1048  2001                     	org	8193
  1049  2001  3FFF               	dw	16383
  1050                           
  1051                           ;Config register IDLOC2 @ 0x2002
  1052                           ;	unspecified, using default values
  1053  2002                     	org	8194
  1054  2002  3FFF               	dw	16383
  1055                           
  1056                           ;Config register IDLOC3 @ 0x2003
  1057                           ;	unspecified, using default values
  1058  2003                     	org	8195
  1059  2003  3FFF               	dw	16383
  1060                           
  1061                           	psect	config
  1062                           
  1063                           ;Config register CONFIG1 @ 0x2007
  1064                           ;	Oscillator Selection bits
  1065                           ;	FOSC = INTRC_NOCLKOUT, INTOSCIO oscillator: I/O function on RA6/OSC2/CLKOUT pin, I/O f
      +                          unction on RA7/OSC1/CLKIN
  1066                           ;	Watchdog Timer Enable bit
  1067                           ;	WDTE = OFF, WDT disabled and can be enabled by SWDTEN bit of the WDTCON register
  1068                           ;	Power-up Timer Enable bit
  1069                           ;	PWRTE = OFF, PWRT disabled
  1070                           ;	RE3/MCLR pin function select bit
  1071                           ;	MCLRE = OFF, RE3/MCLR pin function is digital input, MCLR internally tied to VDD
  1072                           ;	Code Protection bit
  1073                           ;	CP = OFF, Program memory code protection is disabled
  1074                           ;	Data Code Protection bit
  1075                           ;	CPD = OFF, Data memory code protection is disabled
  1076                           ;	Brown Out Reset Selection bits
  1077                           ;	BOREN = OFF, BOR disabled
  1078                           ;	Internal External Switchover bit
  1079                           ;	IESO = OFF, Internal/External Switchover mode is disabled
  1080                           ;	Fail-Safe Clock Monitor Enabled bit
  1081                           ;	FCMEN = OFF, Fail-Safe Clock Monitor is disabled
  1082                           ;	Low Voltage Programming Enable bit
  1083                           ;	LVP = OFF, RB3 pin has digital I/O, HV on MCLR must be used for programming
  1084                           ;	In-Circuit Debugger Mode bit
  1085                           ;	DEBUG = 0x1, unprogrammed default
  1086  2007                     	org	8199
  1087  2007  20D4               	dw	8404
  1088                           
  1089                           ;Config register CONFIG2 @ 0x2008
  1090                           ;	Brown-out Reset Selection bit
  1091                           ;	BOR4V = BOR40V, Brown-out Reset set to 4.0V
  1092                           ;	Flash Program Memory Self Write Enable bits
  1093                           ;	WRT = OFF, Write protection off
  1094  2008                     	org	8200
  1095  2008  3FFF               	dw	16383

Data Sizes:
    Strings     0
    Constant    0
    Data        0
    BSS         3
    Persistent  0
    Stack       0

Auto Spaces:
    Space          Size  Autos    Used
    COMMON           14      8      11
    BANK0            80      0       0
    BANK1            80      0       0
    BANK3            96      0       0
    BANK2            96      0       0

Pointer List with Targets:

    None.

Critical Paths under _main in COMMON

    _main->_write_EEPROM

Critical Paths under _isr in COMMON

    None.

Critical Paths under _main in BANK0

    None.

Critical Paths under _isr in BANK0

    None.

Critical Paths under _main in BANK1

    None.

Critical Paths under _isr in BANK1

    None.

Critical Paths under _main in BANK3

    None.

Critical Paths under _isr in BANK3

    None.

Critical Paths under _main in BANK2

    None.

Critical Paths under _isr in BANK2

    None.

Call Graph Tables:

 ---------------------------------------------------------------------------------
 (Depth) Function   	        Calls       Base Space   Used Autos Params    Refs
 ---------------------------------------------------------------------------------
 (0) _main                                                 3     3      0     135
                                              5 COMMON     3     3      0
                        _read_EEPROM
                              _setup
                       _write_EEPROM
 ---------------------------------------------------------------------------------
 (1) _write_EEPROM                                         2     1      1     120
                                              3 COMMON     2     1      1
 ---------------------------------------------------------------------------------
 (1) _setup                                                1     1      0       0
                                              3 COMMON     1     1      0
 ---------------------------------------------------------------------------------
 (1) _read_EEPROM                                          1     1      0      15
                                              3 COMMON     1     1      0
 ---------------------------------------------------------------------------------
 Estimated maximum stack depth 1
 ---------------------------------------------------------------------------------
 (Depth) Function   	        Calls       Base Space   Used Autos Params    Refs
 ---------------------------------------------------------------------------------
 (2) _isr                                                  3     3      0       0
                                              0 COMMON     3     3      0
 ---------------------------------------------------------------------------------
 Estimated maximum stack depth 2
 ---------------------------------------------------------------------------------

 Call Graph Graphs:

 _main (ROOT)
   _read_EEPROM
   _setup
   _write_EEPROM

 _isr (ROOT)

 Address spaces:
Name               Size   Autos  Total    Cost      Usage
BITCOMMON            E      0       0       0        0.0%
EEDATA             100      0       0       0        0.0%
NULL                 0      0       0       0        0.0%
CODE                 0      0       0       0        0.0%
COMMON               E      8       B       1       78.6%
BITSFR0              0      0       0       1        0.0%
SFR0                 0      0       0       1        0.0%
BITSFR1              0      0       0       2        0.0%
SFR1                 0      0       0       2        0.0%
STACK                0      0       0       2        0.0%
ABS                  0      0       B       3        0.0%
BITBANK0            50      0       0       4        0.0%
BITSFR3              0      0       0       4        0.0%
SFR3                 0      0       0       4        0.0%
BANK0               50      0       0       5        0.0%
BITSFR2              0      0       0       5        0.0%
SFR2                 0      0       0       5        0.0%
BITBANK1            50      0       0       6        0.0%
BANK1               50      0       0       7        0.0%
BITBANK3            60      0       0       8        0.0%
BANK3               60      0       0       9        0.0%
BITBANK2            60      0       0      10        0.0%
BANK2               60      0       0      11        0.0%
DATA                 0      0       B      12        0.0%


Microchip Technology PIC Macro Assembler V2.35 build 20211206165544 
Symbol Table                                                                                   Tue May 17 11:45:58 2022

                     l96 00C7                       l99 0128                      l102 011B  
                    l700 0097                      l710 00A4                      l702 009B  
                    l720 00B3                      l712 00A5                      l704 009C  
                    l730 00C3                      l722 00B6                      l714 00AB  
                    l706 009E                      l732 00C4                      l724 00B9  
                    l716 00AE                      l708 00A0                      l734 00C5  
                    l726 00BD                      l718 00AF                      l830 0117  
                    l822 0108                      l736 00C6                      l728 00C0  
                    l832 0118                      l824 010E                      l840 001B  
                    l754 011D                      l834 0119                      l826 0111  
                    l850 0031                      l842 0021                      l756 0121  
                    l836 011A                      l828 0112                      l860 004D  
                    l852 0034                      l844 0022                      l758 0124  
                    l694 0079                      l862 0056                      l854 0039  
                    l846 0027                      l838 0016                      l696 007D  
                    l864 0058                      l856 0043                      l848 002C  
                    l698 007E                      l866 0065                      l858 004C  
                    l868 0068                      u130 0021                      u131 0020  
                    u140 0027                      u141 0026                      u150 0031  
                    u207 00BB                      u151 0030                      u160 0039  
                    u161 0038                      u177 0047                      u187 005E  
                    u197 006E                      _isr 00C8                     ?_isr 0070  
                   _IOCB 0096                     i1l71 00DF                     i1l80 0100  
                   i1l75 00EE                     _WPUB 0095                     u1_20 00CE  
                   u1_21 00CD                     u2_20 00D7                     u2_21 00D6  
                   u3_20 00E3                     u3_21 00E2                     u4_20 00E7  
                   u4_21 00E6                     u5_20 00EC                     u5_21 00EB  
                   u6_20 00F2                     u6_21 00F1                     u7_20 00F7  
                   u7_21 00F6                     u8_20 00FC                     u8_21 00FB  
                   _main 0016                     btemp 007E                     start 000C  
           ?_read_EEPROM 0070                    ??_isr 0070                    ?_main 0070  
                  _EEADR 010D                    _EEDAT 010C                    _ANSEL 0188  
                  i1l770 00E3                    i1l762 00C8                    i1l780 00F8  
                  i1l772 00E7                    i1l764 00CE                    i1l782 00FC  
                  i1l774 00EC                    i1l766 00D7                    i1l784 00FD  
                  i1l776 00F2                    i1l768 00DD                    i1l786 00FF  
                  i1l778 00F7                    _PORTA 0005                    _PORTC 0007  
                  _PORTD 0008                    _PORTE 0009                    _TRISA 0085  
                  _TRISB 0086                    _TRISC 0087                    _TRISD 0088  
                  _TRISE 0089                    _setup 0079                    pclath 000A  
                  status 0003                    wtemp0 007E          __initialization 000F  
           __end_of_main 0079                   ??_main 0075             _write_EEPROM 0107  
                 _ADRESH 001E                   _EECON2 018D                   ?_setup 0070  
                 _ANSELH 0189                   saved_w 007E  __end_of__initialization 0012  
         __pcstackCOMMON 0070            __end_of_setup 00C8       read_EEPROM@address 0073  
         _OPTION_REGbits 0081         write_EEPROM@data 0073                  ??_setup 0073  
             __pmaintext 0016               __pintentry 0004            _bandera_sleep 0079  
          _bandera_write 007A                  __ptext1 0107                  __ptext2 0079  
                __ptext3 011C                  __ptext4 00C8                  _val_POT 0078  
   end_of_initialization 0012      write_EEPROM@address 0074                _PORTBbits 0006  
    start_initialization 000F              __end_of_isr 0107            ??_read_EEPROM 0073  
            __pbssCOMMON 0078                ___latbits 0002      __end_of_read_EEPROM 0129  
          ?_write_EEPROM 0073        interrupt_function 0004                 _PIE1bits 008C  
               _PIR1bits 000C               _ADCON0bits 001F               _ADCON1bits 009F  
         ??_write_EEPROM 0074               _EECON1bits 018C              _read_EEPROM 011C  
             _INTCONbits 000B                 intlevel1 0000     __end_of_write_EEPROM 011C  
             _OSCCONbits 008F  
